<?xml version="1.0" encoding="UTF-8"?>
<!-- Generated by org.testng.reporters.JUnitXMLReporter -->
<testsuite ignored="0" hostname="LAPTOP-3H4JD8K1" failures="0" tests="4" name="Test" time="8.843" errors="0" timestamp="2023-06-29T18:56:10 IST">
  <testcase classname="Test_Classes1.Post_Create_TC01" name="extractor" time="5.31"/>
  <testcase classname="Test_Classes1.Put_TC01" name="extractor" time="1.387"/>
  <testcase classname="Test_Classes1.Patch_TC01" name="extractor" time="1.472"/>
  <testcase classname="Test_Classes1.Get_TC01" name="extractor" time="0.519"/>
</testsuite> <!-- Test -->
