<?xml version="1.0" encoding="UTF-8"?>
<testng-results ignored="0" total="4" passed="4" failed="0" skipped="0">
  <reporter-output>
  </reporter-output>
  <suite started-at="2023-06-29T18:56:02 IST" name="Suite" finished-at="2023-06-29T18:56:10 IST" duration-ms="8843">
    <groups>
    </groups>
    <test started-at="2023-06-29T18:56:02 IST" name="Test" finished-at="2023-06-29T18:56:10 IST" duration-ms="8843">
      <class name="Test_Classes1.Get_TC01">
        <test-method signature="extractor()[pri:0, instance:Test_Classes1.Get_TC01@457c9034]" started-at="2023-06-29T18:56:10 IST" name="extractor" finished-at="2023-06-29T18:56:10 IST" duration-ms="519" status="PASS">
          <reporter-output>
          </reporter-output>
        </test-method> <!-- extractor -->
      </class> <!-- Test_Classes1.Get_TC01 -->
      <class name="Test_Classes1.Patch_TC01">
        <test-method signature="extractor()[pri:0, instance:Test_Classes1.Patch_TC01@7922d892]" started-at="2023-06-29T18:56:08 IST" name="extractor" finished-at="2023-06-29T18:56:10 IST" duration-ms="1472" status="PASS">
          <reporter-output>
          </reporter-output>
        </test-method> <!-- extractor -->
      </class> <!-- Test_Classes1.Patch_TC01 -->
      <class name="Test_Classes1.Post_Create_TC01">
        <test-method signature="extractor()[pri:0, instance:Test_Classes1.Post_Create_TC01@45a37759]" started-at="2023-06-29T18:56:02 IST" name="extractor" finished-at="2023-06-29T18:56:07 IST" duration-ms="5310" status="PASS">
          <reporter-output>
          </reporter-output>
        </test-method> <!-- extractor -->
      </class> <!-- Test_Classes1.Post_Create_TC01 -->
      <class name="Test_Classes1.Put_TC01">
        <test-method signature="extractor()[pri:0, instance:Test_Classes1.Put_TC01@69f1a286]" started-at="2023-06-29T18:56:07 IST" name="extractor" finished-at="2023-06-29T18:56:08 IST" duration-ms="1387" status="PASS">
          <reporter-output>
          </reporter-output>
        </test-method> <!-- extractor -->
      </class> <!-- Test_Classes1.Put_TC01 -->
    </test> <!-- Test -->
  </suite> <!-- Suite -->
</testng-results>
